sept. 27, 2017 8:38:02 AM org.apache.catalina.core.AprLifecycleListener init
INFOS: The APR based Apache Tomcat Native library which allows optimal performance in production environments was not found on the java.library.path: /opt/oracle/instantclient_11_2:/usr/java/packages/lib/amd64:/usr/lib64:/lib64:/lib:/usr/lib
sept. 27, 2017 8:38:02 AM org.apache.coyote.AbstractProtocol init
INFOS: Initializing ProtocolHandler ["http-bio-8080"]
sept. 27, 2017 8:38:02 AM org.apache.coyote.AbstractProtocol init
INFOS: Initializing ProtocolHandler ["ajp-bio-8009"]
sept. 27, 2017 8:38:03 AM org.apache.openejb.util.OptionsLog info
INFOS: Using 'tomee.force-reloadable=true'
sept. 27, 2017 8:38:03 AM org.apache.openejb.util.OptionsLog info
INFOS: Using 'tomee.remote.support=true'
sept. 27, 2017 8:38:03 AM org.apache.openejb.util.OptionsLog info
INFOS: Using 'openejb.jdbc.datasource-creator=org.apache.tomee.jdbc.TomEEDataSourceCreator'
sept. 27, 2017 8:38:03 AM org.apache.openejb.OpenEJB$Instance <init>
INFOS: ********************************************************************************
sept. 27, 2017 8:38:03 AM org.apache.openejb.OpenEJB$Instance <init>
INFOS: OpenEJB http://openejb.apache.org/
sept. 27, 2017 8:38:03 AM org.apache.openejb.OpenEJB$Instance <init>
INFOS: Startup: Wed Sep 27 08:38:03 CEST 2017
sept. 27, 2017 8:38:03 AM org.apache.openejb.OpenEJB$Instance <init>
INFOS: Copyright 1999-2013 (C) Apache OpenEJB Project, All Rights Reserved.
sept. 27, 2017 8:38:03 AM org.apache.openejb.OpenEJB$Instance <init>
INFOS: Version: 4.7.1
sept. 27, 2017 8:38:03 AM org.apache.openejb.OpenEJB$Instance <init>
INFOS: Build date: 20140912
sept. 27, 2017 8:38:03 AM org.apache.openejb.OpenEJB$Instance <init>
INFOS: Build time: 01:43
sept. 27, 2017 8:38:03 AM org.apache.openejb.OpenEJB$Instance <init>
INFOS: ********************************************************************************
sept. 27, 2017 8:38:03 AM org.apache.openejb.OpenEJB$Instance <init>
INFOS: openejb.home = /home/m2eserv/tartara/Documents/travis/M2_odeva_travis/target/apache-tomee
sept. 27, 2017 8:38:03 AM org.apache.openejb.OpenEJB$Instance <init>
INFOS: openejb.base = /home/m2eserv/tartara/Documents/travis/M2_odeva_travis/target/apache-tomee
sept. 27, 2017 8:38:03 AM org.apache.openejb.cdi.CdiBuilder initializeOWB
INFOS: Created new singletonService org.apache.openejb.cdi.ThreadSingletonServiceImpl@dbd940d
sept. 27, 2017 8:38:03 AM org.apache.openejb.cdi.CdiBuilder initializeOWB
INFOS: Succeeded in installing singleton service
sept. 27, 2017 8:38:03 AM org.apache.openejb.config.ConfigurationFactory init
INFOS: openejb configuration file is '/home/m2eserv/tartara/Documents/travis/M2_odeva_travis/target/apache-tomee/conf/tomee.xml'
sept. 27, 2017 8:38:03 AM org.apache.openejb.config.ConfigurationFactory configureService
INFOS: Configuring Service(id=Tomcat Security Service, type=SecurityService, provider-id=Tomcat Security Service)
sept. 27, 2017 8:38:03 AM org.apache.openejb.config.ConfigurationFactory configureService
INFOS: Configuring Service(id=Default Transaction Manager, type=TransactionManager, provider-id=Default Transaction Manager)
sept. 27, 2017 8:38:03 AM org.apache.openejb.util.OptionsLog info
INFOS: Using 'openejb.system.apps=true'
sept. 27, 2017 8:38:03 AM org.apache.openejb.config.ConfigurationFactory configureApplication
INFOS: Configuring enterprise application: openejb
sept. 27, 2017 8:38:03 AM org.apache.openejb.config.InitEjbDeployments deploy
INFOS: Using openejb.deploymentId.format '{ejbName}'
sept. 27, 2017 8:38:03 AM org.apache.openejb.config.InitEjbDeployments deploy
INFOS: Auto-deploying ejb openejb/Deployer: EjbDeployment(deployment-id=openejb/Deployer)
sept. 27, 2017 8:38:03 AM org.apache.openejb.config.InitEjbDeployments deploy
INFOS: Auto-deploying ejb openejb/ConfigurationInfo: EjbDeployment(deployment-id=openejb/ConfigurationInfo)
sept. 27, 2017 8:38:03 AM org.apache.openejb.config.InitEjbDeployments deploy
INFOS: Auto-deploying ejb MEJB: EjbDeployment(deployment-id=MEJB)
sept. 27, 2017 8:38:03 AM org.apache.openejb.config.ConfigurationFactory configureService
INFOS: Configuring Service(id=Default Stateless Container, type=Container, provider-id=Default Stateless Container)
sept. 27, 2017 8:38:03 AM org.apache.openejb.config.AutoConfig createContainer
INFOS: Auto-creating a container for bean openejb/Deployer: Container(type=STATELESS, id=Default Stateless Container)
sept. 27, 2017 8:38:03 AM org.apache.openejb.config.AppInfoBuilder build
INFOS: Enterprise application "openejb" loaded.
sept. 27, 2017 8:38:03 AM org.apache.openejb.assembler.classic.Assembler createRecipe
INFOS: Creating TransactionManager(id=Default Transaction Manager)
sept. 27, 2017 8:38:03 AM org.apache.openejb.assembler.classic.Assembler createRecipe
INFOS: Creating SecurityService(id=Tomcat Security Service)
sept. 27, 2017 8:38:03 AM org.apache.openejb.assembler.classic.Assembler createRecipe
INFOS: Creating Container(id=Default Stateless Container)
sept. 27, 2017 8:38:03 AM org.apache.openejb.assembler.classic.Assembler createApplication
INFOS: Assembling app: openejb
sept. 27, 2017 8:38:03 AM org.apache.openejb.util.OptionsLog info
INFOS: Using 'openejb.jndiname.format={deploymentId}{interfaceType.openejbLegacyName}'
sept. 27, 2017 8:38:03 AM org.apache.openejb.assembler.classic.JndiBuilder bind
INFOS: Jndi(name=openejb/DeployerBusinessRemote) --> Ejb(deployment-id=openejb/Deployer)
sept. 27, 2017 8:38:03 AM org.apache.openejb.assembler.classic.JndiBuilder bind
INFOS: Jndi(name=global/openejb/openejb/Deployer!org.apache.openejb.assembler.Deployer) --> Ejb(deployment-id=openejb/Deployer)
sept. 27, 2017 8:38:03 AM org.apache.openejb.assembler.classic.JndiBuilder bind
INFOS: Jndi(name=global/openejb/openejb/Deployer) --> Ejb(deployment-id=openejb/Deployer)
sept. 27, 2017 8:38:03 AM org.apache.openejb.assembler.classic.JndiBuilder bind
INFOS: Jndi(name=openejb/ConfigurationInfoBusinessRemote) --> Ejb(deployment-id=openejb/ConfigurationInfo)
sept. 27, 2017 8:38:03 AM org.apache.openejb.assembler.classic.JndiBuilder bind
INFOS: Jndi(name=global/openejb/openejb/ConfigurationInfo!org.apache.openejb.assembler.classic.cmd.ConfigurationInfo) --> Ejb(deployment-id=openejb/ConfigurationInfo)
sept. 27, 2017 8:38:03 AM org.apache.openejb.assembler.classic.JndiBuilder bind
INFOS: Jndi(name=global/openejb/openejb/ConfigurationInfo) --> Ejb(deployment-id=openejb/ConfigurationInfo)
sept. 27, 2017 8:38:03 AM org.apache.openejb.assembler.classic.JndiBuilder bind
INFOS: Jndi(name=MEJB) --> Ejb(deployment-id=MEJB)
sept. 27, 2017 8:38:03 AM org.apache.openejb.assembler.classic.JndiBuilder bind
INFOS: Jndi(name=global/openejb/MEJB!javax.management.j2ee.ManagementHome) --> Ejb(deployment-id=MEJB)
sept. 27, 2017 8:38:03 AM org.apache.openejb.assembler.classic.JndiBuilder bind
INFOS: Jndi(name=global/openejb/MEJB) --> Ejb(deployment-id=MEJB)
sept. 27, 2017 8:38:03 AM org.apache.openejb.assembler.classic.Assembler startEjbs
INFOS: Created Ejb(deployment-id=MEJB, ejb-name=MEJB, container=Default Stateless Container)
sept. 27, 2017 8:38:03 AM org.apache.openejb.assembler.classic.Assembler startEjbs
INFOS: Created Ejb(deployment-id=openejb/ConfigurationInfo, ejb-name=openejb/ConfigurationInfo, container=Default Stateless Container)
sept. 27, 2017 8:38:03 AM org.apache.openejb.assembler.classic.Assembler startEjbs
INFOS: Created Ejb(deployment-id=openejb/Deployer, ejb-name=openejb/Deployer, container=Default Stateless Container)
sept. 27, 2017 8:38:03 AM org.apache.openejb.assembler.classic.Assembler startEjbs
INFOS: Started Ejb(deployment-id=MEJB, ejb-name=MEJB, container=Default Stateless Container)
sept. 27, 2017 8:38:03 AM org.apache.openejb.assembler.classic.Assembler startEjbs
INFOS: Started Ejb(deployment-id=openejb/ConfigurationInfo, ejb-name=openejb/ConfigurationInfo, container=Default Stateless Container)
sept. 27, 2017 8:38:03 AM org.apache.openejb.assembler.classic.Assembler startEjbs
INFOS: Started Ejb(deployment-id=openejb/Deployer, ejb-name=openejb/Deployer, container=Default Stateless Container)
sept. 27, 2017 8:38:03 AM org.apache.openejb.assembler.classic.Assembler deployMBean
INFOS: Deployed MBean(openejb.user.mbeans:application=openejb,group=org.apache.openejb.assembler.monitoring,name=JMXDeployer)
sept. 27, 2017 8:38:03 AM org.apache.openejb.assembler.classic.Assembler createApplication
INFOS: Deployed Application(path=openejb)
sept. 27, 2017 8:38:03 AM org.apache.openejb.server.SimpleServiceManager start
INFOS:   ** Bound Services **
sept. 27, 2017 8:38:03 AM org.apache.openejb.server.SimpleServiceManager printRow
INFOS:   NAME                 IP              PORT  
sept. 27, 2017 8:38:03 AM org.apache.openejb.server.SimpleServiceManager start
INFOS: -------
sept. 27, 2017 8:38:03 AM org.apache.openejb.server.SimpleServiceManager start
INFOS: Ready!
sept. 27, 2017 8:38:03 AM org.apache.catalina.startup.Catalina load
INFOS: Initialization processed in 1356 ms
sept. 27, 2017 8:38:03 AM org.apache.tomee.catalina.OpenEJBNamingContextListener bindResource
INFOS: Importing a Tomcat Resource with id 'UserDatabase' of type 'org.apache.catalina.UserDatabase'.
sept. 27, 2017 8:38:03 AM org.apache.openejb.assembler.classic.Assembler createRecipe
INFOS: Creating Resource(id=UserDatabase)
sept. 27, 2017 8:38:03 AM org.apache.catalina.core.StandardService startInternal
INFOS: Démarrage du service Catalina
sept. 27, 2017 8:38:03 AM org.apache.catalina.core.StandardEngine startInternal
INFOS: Starting Servlet Engine: Apache Tomcat (TomEE)/7.0.55 (1.7.1)
sept. 27, 2017 8:38:03 AM org.apache.catalina.startup.HostConfig deployWAR
INFOS: Déploiement de l'archive /home/m2eserv/tartara/Documents/travis/M2_odeva_travis/target/apache-tomee/webapps/ROOT.war de l'application web
sept. 27, 2017 8:38:03 AM org.apache.tomee.catalina.TomcatWebAppBuilder init
INFOS: ------------------------- localhost -> /
sept. 27, 2017 8:38:03 AM org.apache.openejb.util.JarExtractor extract
INFOS: Extracting jar: /home/m2eserv/tartara/Documents/travis/M2_odeva_travis/target/apache-tomee/webapps/ROOT.war
sept. 27, 2017 8:38:04 AM org.apache.openejb.util.JarExtractor extract
INFOS: Extracted path: /home/m2eserv/tartara/Documents/travis/M2_odeva_travis/target/apache-tomee/webapps/ROOT
sept. 27, 2017 8:38:04 AM org.apache.openejb.util.OptionsLog info
INFOS: Using 'openejb.session.manager=org.apache.tomee.catalina.session.QuickSessionManager'
sept. 27, 2017 8:38:04 AM org.apache.catalina.loader.WebappClassLoader validateJarFile
INFOS: validateJarFile(/home/m2eserv/tartara/Documents/travis/M2_odeva_travis/target/apache-tomee/webapps/ROOT/WEB-INF/lib/javaee-api-7.0-SNAPSHOT.jar) - jar not loaded. See Servlet Spec 3.0, section 10.7.2. Offending class: javax/servlet/Servlet.class
sept. 27, 2017 8:38:04 AM org.apache.openejb.config.ConfigurationFactory configureApplication
INFOS: Configuring enterprise application: /home/m2eserv/tartara/Documents/travis/M2_odeva_travis/target/apache-tomee/webapps/ROOT
sept. 27, 2017 8:38:04 AM org.apache.openejb.config.AutoConfig deploy
INFOS: Configuring PersistenceUnit(name=book-pu)
sept. 27, 2017 8:38:04 AM org.apache.openejb.config.ConfigurationFactory configureService
INFOS: Configuring Service(id=Default JDBC Database, type=Resource, provider-id=Default JDBC Database)
sept. 27, 2017 8:38:04 AM org.apache.openejb.config.AutoConfig logAutoCreateResource
INFOS: Auto-creating a Resource with id 'Default JDBC Database' of type 'DataSource for 'book-pu'.
sept. 27, 2017 8:38:04 AM org.apache.openejb.assembler.classic.Assembler createRecipe
INFOS: Creating Resource(id=Default JDBC Database)
sept. 27, 2017 8:38:04 AM org.apache.tomee.jdbc.TomEEDataSourceCreator$TomEEDataSource readOnly
INFOS: Disabling testOnBorrow since no validation query is provided
sept. 27, 2017 8:38:04 AM org.apache.openejb.config.ConfigurationFactory configureService
INFOS: Configuring Service(id=Default Unmanaged JDBC Database, type=Resource, provider-id=Default Unmanaged JDBC Database)
sept. 27, 2017 8:38:04 AM org.apache.openejb.config.AutoConfig logAutoCreateResource
INFOS: Auto-creating a Resource with id 'Default Unmanaged JDBC Database' of type 'DataSource for 'book-pu'.
sept. 27, 2017 8:38:04 AM org.apache.openejb.assembler.classic.Assembler createRecipe
INFOS: Creating Resource(id=Default Unmanaged JDBC Database)
sept. 27, 2017 8:38:04 AM org.apache.tomee.jdbc.TomEEDataSourceCreator$TomEEDataSource readOnly
INFOS: Disabling testOnBorrow since no validation query is provided
sept. 27, 2017 8:38:04 AM org.apache.openejb.config.AutoConfig setJtaDataSource
INFOS: Adjusting PersistenceUnit book-pu <jta-data-source> to Resource ID 'Default JDBC Database' from 'book'
sept. 27, 2017 8:38:04 AM org.apache.openejb.config.AutoConfig setNonJtaDataSource
INFOS: Adjusting PersistenceUnit book-pu <non-jta-data-source> to Resource ID 'Default Unmanaged JDBC Database' from 'null'
sept. 27, 2017 8:38:04 AM org.apache.openejb.config.AppInfoBuilder build
INFOS: Enterprise application "/home/m2eserv/tartara/Documents/travis/M2_odeva_travis/target/apache-tomee/webapps/ROOT" loaded.
sept. 27, 2017 8:38:04 AM org.apache.openejb.assembler.classic.Assembler createApplication
INFOS: Assembling app: /home/m2eserv/tartara/Documents/travis/M2_odeva_travis/target/apache-tomee/webapps/ROOT
sept. 27, 2017 8:38:04 AM null
INFOS: OpenJPA dynamically loaded a validation provider.
sept. 27, 2017 8:38:04 AM org.apache.openejb.assembler.classic.ReloadableEntityManagerFactory createDelegate
INFOS: PersistenceUnit(name=book-pu, provider=org.apache.openjpa.persistence.PersistenceProviderImpl) - provider time 138ms
sept. 27, 2017 8:38:04 AM org.apache.openejb.cdi.CdiBuilder initSingleton
INFOS: Existing thread singleton service in SystemInstance(): org.apache.openejb.cdi.ThreadSingletonServiceImpl@dbd940d
sept. 27, 2017 8:38:04 AM org.apache.openejb.cdi.OpenEJBLifecycle startApplication
INFOS: OpenWebBeans Container is starting...
sept. 27, 2017 8:38:04 AM org.apache.webbeans.plugins.PluginLoader startUp
INFOS: Adding OpenWebBeansPlugin : [CdiPlugin]
sept. 27, 2017 8:38:04 AM org.apache.webbeans.plugins.PluginLoader startUp
INFOS: Adding OpenWebBeansPlugin : [OpenWebBeansJsfPlugin]
sept. 27, 2017 8:38:04 AM org.apache.webbeans.config.BeansDeployer validateInjectionPoints
INFOS: All injection points were validated successfully.
sept. 27, 2017 8:38:04 AM org.apache.openejb.cdi.OpenEJBLifecycle startApplication
INFOS: OpenWebBeans Container has started, it took 53 ms.
sept. 27, 2017 8:38:04 AM org.apache.openejb.assembler.classic.Assembler createApplication
INFOS: Deployed Application(path=/home/m2eserv/tartara/Documents/travis/M2_odeva_travis/target/apache-tomee/webapps/ROOT)
sept. 27, 2017 8:38:04 AM org.apache.catalina.startup.HostConfig deployWAR
INFOS: Deployment of web application archive /home/m2eserv/tartara/Documents/travis/M2_odeva_travis/target/apache-tomee/webapps/ROOT.war has finished in 1 023 ms
sept. 27, 2017 8:38:04 AM org.apache.coyote.AbstractProtocol start
INFOS: Starting ProtocolHandler ["http-bio-8080"]
sept. 27, 2017 8:38:04 AM org.apache.coyote.AbstractProtocol start
INFOS: Starting ProtocolHandler ["ajp-bio-8009"]
sept. 27, 2017 8:38:04 AM org.apache.catalina.startup.Catalina start
INFOS: Server startup in 1083 ms
